<?xml version="1.0" encoding="utf-8"?><testsuites name="pytest tests"><testsuite name="pytest" errors="0" failures="4" skipped="0" tests="9" time="6.941" timestamp="2026-01-08T01:34:33.761378+02:00" hostname="boka"><testcase classname="tests.test_assets" name="test_list_assets_empty" time="0.947" /><testcase classname="tests.test_assets" name="test_upload_asset" time="0.463"><failure message="AttributeError: &lt;module 'routers.assets' from 'C:\\Users\\taher\\Desktop\\graduation v1\\backend\\routers\\assets.py'&gt; does not have the attribute 'upload_file_to_minio'">args = ()
keywargs = {'auth_header': {'Authorization': 'Bearer eyJhbGciOiJIUzI1NiIsInR5cCI6IkpXVCJ9.eyJzdWIiOiJ0ZXN0dXNlciIsInJvbGUiOiJTVFV...aLc3BxMsKxpHBkNUy0FqMhYMjspYHlXyuAm6T2Qh_E'}, 'client': &lt;starlette.testclient.TestClient object at 0x0000029BB4EF7D90&gt;}

    @wraps(func)
    def patched(*args, **keywargs):
&gt;       with self.decoration_helper(patched,
                                    args,
                                    keywargs) as (newargs, newkeywargs):

..\..\..\AppData\Local\Programs\Python\Python313\Lib\unittest\mock.py:1423: 
_ _ _ _ _ _ _ _ _ _ _ _ _ _ _ _ _ _ _ _ _ _ _ _ _ _ _ _ _ _ _ _ _ _ _ _ _ _ _ _
..\..\..\AppData\Local\Programs\Python\Python313\Lib\contextlib.py:141: in __enter__
    return next(self.gen)
           ^^^^^^^^^^^^^^
..\..\..\AppData\Local\Programs\Python\Python313\Lib\unittest\mock.py:1405: in decoration_helper
    arg = exit_stack.enter_context(patching)
          ^^^^^^^^^^^^^^^^^^^^^^^^^^^^^^^^^^
..\..\..\AppData\Local\Programs\Python\Python313\Lib\contextlib.py:530: in enter_context
    result = _enter(cm)
             ^^^^^^^^^^
..\..\..\AppData\Local\Programs\Python\Python313\Lib\unittest\mock.py:1497: in __enter__
    original, local = self.get_original()
                      ^^^^^^^^^^^^^^^^^^^
_ _ _ _ _ _ _ _ _ _ _ _ _ _ _ _ _ _ _ _ _ _ _ _ _ _ _ _ _ _ _ _ _ _ _ _ _ _ _ _

self = &lt;unittest.mock._patch object at 0x0000029BB4E9C440&gt;

    def get_original(self):
        target = self.getter()
        name = self.attribute
    
        original = DEFAULT
        local = False
    
        try:
            original = target.__dict__[name]
        except (AttributeError, KeyError):
            original = getattr(target, name, DEFAULT)
        else:
            local = True
    
        if name in _builtins and isinstance(target, ModuleType):
            self.create = True
    
        if not self.create and original is DEFAULT:
&gt;           raise AttributeError(
                "%s does not have the attribute %r" % (target, name)
            )
E           AttributeError: &lt;module 'routers.assets' from 'C:\\Users\\taher\\Desktop\\graduation v1\\backend\\routers\\assets.py'&gt; does not have the attribute 'upload_file_to_minio'

..\..\..\AppData\Local\Programs\Python\Python313\Lib\unittest\mock.py:1467: AttributeError</failure></testcase><testcase classname="tests.test_auth" name="test_register_user" time="0.238" /><testcase classname="tests.test_auth" name="test_register_duplicate_user" time="0.233" /><testcase classname="tests.test_auth" name="test_login_success" time="0.545" /><testcase classname="tests.test_auth" name="test_login_invalid_credentials" time="0.040" /><testcase classname="tests.test_rooms" name="test_create_room" time="0.450"><failure message="assert 201 == 200&#10; +  where 201 = &lt;Response [201 Created]&gt;.status_code">client = &lt;starlette.testclient.TestClient object at 0x0000029BB4F6ECF0&gt;
staff_auth_header = {'Authorization': 'Bearer eyJhbGciOiJIUzI1NiIsInR5cCI6IkpXVCJ9.eyJzdWIiOiJzdGFmZnVzZXIiLCJyb2xlIjoiU1RBRkYiLCJleHAiOjE3Njc4NDY4Nzd9.aNehfwmLysoHmVTNAEeODU_SCAtxfq8gTMgknr1UFFY'}

    def test_create_room(client, staff_auth_header):
        response = client.post(
            "/rooms/",
            json={"name": "Test Room", "description": "A room for testing"},
            headers=staff_auth_header
        )
&gt;       assert response.status_code == 200
E       assert 201 == 200
E        +  where 201 = &lt;Response [201 Created]&gt;.status_code

tests\test_rooms.py:7: AssertionError</failure></testcase><testcase classname="tests.test_rooms" name="test_list_rooms" time="0.895"><failure message="assert 0 &gt;= 2&#10; +  where 0 = len([])">client = &lt;starlette.testclient.TestClient object at 0x0000029BB50DE030&gt;
auth_header = {'Authorization': 'Bearer eyJhbGciOiJIUzI1NiIsInR5cCI6IkpXVCJ9.eyJzdWIiOiJ0ZXN0dXNlciIsInJvbGUiOiJTVFVERU5UIiwiZXhwIjoxNzY3ODQ2ODc3fQ.EuPxdnHAx3mmI2cSM6ePtxv5-6VFTO2LGWIWwkPwrxY'}
staff_auth_header = {'Authorization': 'Bearer eyJhbGciOiJIUzI1NiIsInR5cCI6IkpXVCJ9.eyJzdWIiOiJzdGFmZnVzZXIiLCJyb2xlIjoiU1RBRkYiLCJleHAiOjE3Njc4NDY4Nzh9.n7opIunicDek-VduIAnVpUh3a2oAyskLd_4oe3Omo-M'}

    def test_list_rooms(client, auth_header, staff_auth_header):
        # Create two rooms
        client.post("/rooms/", json={"name": "Room A"}, headers=staff_auth_header)
        client.post("/rooms/", json={"name": "Room B"}, headers=staff_auth_header)
    
        response = client.get("/rooms/", headers=auth_header)
        assert response.status_code == 200
        data = response.json()
&gt;       assert len(data) &gt;= 2
E       assert 0 &gt;= 2
E        +  where 0 = len([])

tests\test_rooms.py:20: AssertionError</failure></testcase><testcase classname="tests.test_rooms" name="test_join_room" time="0.900"><failure message="sqlalchemy.exc.StatementError: (builtins.AttributeError) 'str' object has no attribute 'hex'&#10;[SQL: SELECT room_members.room_id AS room_members_room_id, room_members.user_id AS room_members_user_id, room_members.status AS room_members_status, room_members.permissions AS room_members_permissions &#10;FROM room_members &#10;WHERE room_members.room_id = ? AND room_members.user_id = ? AND room_members.status = ?&#10; LIMIT ? OFFSET ?]&#10;[parameters: [{}]]">self = &lt;sqlalchemy.engine.base.Connection object at 0x0000029BB50A5B50&gt;
dialect = &lt;sqlalchemy.dialects.sqlite.pysqlite.SQLiteDialect_pysqlite object at 0x0000029BB4D59090&gt;
constructor = &lt;bound method DefaultExecutionContext._init_compiled of &lt;class 'sqlalchemy.dialects.sqlite.base.SQLiteExecutionContext'&gt;&gt;
statement = &lt;sqlalchemy.dialects.sqlite.base.SQLiteCompiler object at 0x0000029BB50D2990&gt;
parameters = [{}]
execution_options = immutabledict({'_sa_orm_load_options': default_load_options(_legacy_uniquing=True), '_result_disable_adapt_to_context': True})
args = (&lt;sqlalchemy.dialects.sqlite.base.SQLiteCompiler object at 0x0000029BB50D2990&gt;, [{}], &lt;sqlalchemy.sql.selectable.Selec...Enum('INVITED', 'JOINED', name='roommemberstatus')), _OffsetLimitParam('%(2867780887360 param)s', 1, type_=Integer())])
kw = {'cache_hit': &lt;CacheStats.CACHE_MISS: 1&gt;}, yp = None
conn = &lt;sqlalchemy.pool.base._ConnectionFairy object at 0x0000029BB51C9EB0&gt;

    def _execute_context(
        self,
        dialect: Dialect,
        constructor: Callable[..., ExecutionContext],
        statement: Union[str, Compiled],
        parameters: Optional[_AnyMultiExecuteParams],
        execution_options: _ExecuteOptions,
        *args: Any,
        **kw: Any,
    ) -&gt; CursorResult[Any]:
        """Create an :class:`.ExecutionContext` and execute, returning
        a :class:`_engine.CursorResult`."""
    
        if execution_options:
            yp = execution_options.get("yield_per", None)
            if yp:
                execution_options = execution_options.union(
                    {"stream_results": True, "max_row_buffer": yp}
                )
        try:
            conn = self._dbapi_connection
            if conn is None:
                conn = self._revalidate_connection()
    
&gt;           context = constructor(
                dialect, self, conn, execution_options, *args, **kw
            )

..\..\..\AppData\Local\Programs\Python\Python313\Lib\site-packages\sqlalchemy\engine\base.py:1815: 
_ _ _ _ _ _ _ _ _ _ _ _ _ _ _ _ _ _ _ _ _ _ _ _ _ _ _ _ _ _ _ _ _ _ _ _ _ _ _ _
..\..\..\AppData\Local\Programs\Python\Python313\Lib\site-packages\sqlalchemy\engine\default.py:1493: in _init_compiled
    flattened_processors[key](compiled_params[key])
_ _ _ _ _ _ _ _ _ _ _ _ _ _ _ _ _ _ _ _ _ _ _ _ _ _ _ _ _ _ _ _ _ _ _ _ _ _ _ _

value = '511021e7-1c4c-4f7c-b881-ed1088232884'

    def process(value):
        if value is not None:
&gt;           value = value.hex
                    ^^^^^^^^^
E           AttributeError: 'str' object has no attribute 'hex'

..\..\..\AppData\Local\Programs\Python\Python313\Lib\site-packages\sqlalchemy\sql\sqltypes.py:3734: AttributeError

The above exception was the direct cause of the following exception:

client = &lt;starlette.testclient.TestClient object at 0x0000029BB5182140&gt;
auth_header = {'Authorization': 'Bearer eyJhbGciOiJIUzI1NiIsInR5cCI6IkpXVCJ9.eyJzdWIiOiJ0ZXN0dXNlciIsInJvbGUiOiJTVFVERU5UIiwiZXhwIjoxNzY3ODQ2ODc4fQ.PFLQLntTErRyLpPo-tssWRPQMj5o6Mk87LcWcl_PZf4'}
staff_auth_header = {'Authorization': 'Bearer eyJhbGciOiJIUzI1NiIsInR5cCI6IkpXVCJ9.eyJzdWIiOiJzdGFmZnVzZXIiLCJyb2xlIjoiU1RBRkYiLCJleHAiOjE3Njc4NDY4Nzl9.a5uG45WVU2GQstAWqvPQMil3VGt3tP156jmR7-uhuVo'}

    def test_join_room(client, auth_header, staff_auth_header):
        # Create a room (needs STAFF)
        create_resp = client.post("/rooms/", json={"name": "Joinable Room"}, headers=staff_auth_header)
        room_id = create_resp.json()["id"]
    
        # Join it (owner automatically joins usually, so maybe test with a second user?)
        # For simplicity, verifying endpoint exists and handles logic
&gt;       response = client.post(f"/rooms/{room_id}/join", headers=auth_header)
                   ^^^^^^^^^^^^^^^^^^^^^^^^^^^^^^^^^^^^^^^^^^^^^^^^^^^^^^^^^^

tests\test_rooms.py:29: 
_ _ _ _ _ _ _ _ _ _ _ _ _ _ _ _ _ _ _ _ _ _ _ _ _ _ _ _ _ _ _ _ _ _ _ _ _ _ _ _
..\..\..\AppData\Local\Programs\Python\Python313\Lib\site-packages\starlette\testclient.py:552: in post
    return super().post(
..\..\..\AppData\Local\Programs\Python\Python313\Lib\site-packages\httpx\_client.py:1144: in post
    return self.request(
..\..\..\AppData\Local\Programs\Python\Python313\Lib\site-packages\starlette\testclient.py:451: in request
    return super().request(
..\..\..\AppData\Local\Programs\Python\Python313\Lib\site-packages\httpx\_client.py:825: in request
    return self.send(request, auth=auth, follow_redirects=follow_redirects)
           ^^^^^^^^^^^^^^^^^^^^^^^^^^^^^^^^^^^^^^^^^^^^^^^^^^^^^^^^^^^^^^^^
..\..\..\AppData\Local\Programs\Python\Python313\Lib\site-packages\httpx\_client.py:914: in send
    response = self._send_handling_auth(
..\..\..\AppData\Local\Programs\Python\Python313\Lib\site-packages\httpx\_client.py:942: in _send_handling_auth
    response = self._send_handling_redirects(
..\..\..\AppData\Local\Programs\Python\Python313\Lib\site-packages\httpx\_client.py:979: in _send_handling_redirects
    response = self._send_single_request(request)
               ^^^^^^^^^^^^^^^^^^^^^^^^^^^^^^^^^^
..\..\..\AppData\Local\Programs\Python\Python313\Lib\site-packages\httpx\_client.py:1014: in _send_single_request
    response = transport.handle_request(request)
               ^^^^^^^^^^^^^^^^^^^^^^^^^^^^^^^^^
..\..\..\AppData\Local\Programs\Python\Python313\Lib\site-packages\starlette\testclient.py:354: in handle_request
    raise exc
..\..\..\AppData\Local\Programs\Python\Python313\Lib\site-packages\starlette\testclient.py:351: in handle_request
    portal.call(self.app, scope, receive, send)
..\..\..\AppData\Local\Programs\Python\Python313\Lib\site-packages\anyio\from_thread.py:321: in call
    return cast(T_Retval, self.start_task_soon(func, *args).result())
                          ^^^^^^^^^^^^^^^^^^^^^^^^^^^^^^^^^^^^^^^^^^
..\..\..\AppData\Local\Programs\Python\Python313\Lib\concurrent\futures\_base.py:456: in result
    return self.__get_result()
           ^^^^^^^^^^^^^^^^^^^
..\..\..\AppData\Local\Programs\Python\Python313\Lib\concurrent\futures\_base.py:401: in __get_result
    raise self._exception
..\..\..\AppData\Local\Programs\Python\Python313\Lib\site-packages\anyio\from_thread.py:252: in _call_func
    retval = await retval_or_awaitable
             ^^^^^^^^^^^^^^^^^^^^^^^^^
..\..\..\AppData\Local\Programs\Python\Python313\Lib\site-packages\fastapi\applications.py:1134: in __call__
    await super().__call__(scope, receive, send)
..\..\..\AppData\Local\Programs\Python\Python313\Lib\site-packages\starlette\applications.py:113: in __call__
    await self.middleware_stack(scope, receive, send)
..\..\..\AppData\Local\Programs\Python\Python313\Lib\site-packages\starlette\middleware\errors.py:186: in __call__
    raise exc
..\..\..\AppData\Local\Programs\Python\Python313\Lib\site-packages\starlette\middleware\errors.py:164: in __call__
    await self.app(scope, receive, _send)
..\..\..\AppData\Local\Programs\Python\Python313\Lib\site-packages\starlette\middleware\cors.py:85: in __call__
    await self.app(scope, receive, send)
..\..\..\AppData\Local\Programs\Python\Python313\Lib\site-packages\starlette\middleware\exceptions.py:63: in __call__
    await wrap_app_handling_exceptions(self.app, conn)(scope, receive, send)
..\..\..\AppData\Local\Programs\Python\Python313\Lib\site-packages\starlette\_exception_handler.py:53: in wrapped_app
    raise exc
..\..\..\AppData\Local\Programs\Python\Python313\Lib\site-packages\starlette\_exception_handler.py:42: in wrapped_app
    await app(scope, receive, sender)
..\..\..\AppData\Local\Programs\Python\Python313\Lib\site-packages\fastapi\middleware\asyncexitstack.py:18: in __call__
    await self.app(scope, receive, send)
..\..\..\AppData\Local\Programs\Python\Python313\Lib\site-packages\starlette\routing.py:716: in __call__
    await self.middleware_stack(scope, receive, send)
..\..\..\AppData\Local\Programs\Python\Python313\Lib\site-packages\starlette\routing.py:736: in app
    await route.handle(scope, receive, send)
..\..\..\AppData\Local\Programs\Python\Python313\Lib\site-packages\starlette\routing.py:290: in handle
    await self.app(scope, receive, send)
..\..\..\AppData\Local\Programs\Python\Python313\Lib\site-packages\fastapi\routing.py:125: in app
    await wrap_app_handling_exceptions(app, request)(scope, receive, send)
..\..\..\AppData\Local\Programs\Python\Python313\Lib\site-packages\starlette\_exception_handler.py:53: in wrapped_app
    raise exc
..\..\..\AppData\Local\Programs\Python\Python313\Lib\site-packages\starlette\_exception_handler.py:42: in wrapped_app
    await app(scope, receive, sender)
..\..\..\AppData\Local\Programs\Python\Python313\Lib\site-packages\fastapi\routing.py:111: in app
    response = await f(request)
               ^^^^^^^^^^^^^^^^
..\..\..\AppData\Local\Programs\Python\Python313\Lib\site-packages\fastapi\routing.py:391: in app
    raw_response = await run_endpoint_function(
..\..\..\AppData\Local\Programs\Python\Python313\Lib\site-packages\fastapi\routing.py:292: in run_endpoint_function
    return await run_in_threadpool(dependant.call, **values)
           ^^^^^^^^^^^^^^^^^^^^^^^^^^^^^^^^^^^^^^^^^^^^^^^^^
..\..\..\AppData\Local\Programs\Python\Python313\Lib\site-packages\starlette\concurrency.py:38: in run_in_threadpool
    return await anyio.to_thread.run_sync(func)
           ^^^^^^^^^^^^^^^^^^^^^^^^^^^^^^^^^^^^
..\..\..\AppData\Local\Programs\Python\Python313\Lib\site-packages\anyio\to_thread.py:56: in run_sync
    return await get_async_backend().run_sync_in_worker_thread(
..\..\..\AppData\Local\Programs\Python\Python313\Lib\site-packages\anyio\_backends\_asyncio.py:2485: in run_sync_in_worker_thread
    return await future
           ^^^^^^^^^^^^
..\..\..\AppData\Local\Programs\Python\Python313\Lib\site-packages\anyio\_backends\_asyncio.py:976: in run
    result = context.run(func, *args)
             ^^^^^^^^^^^^^^^^^^^^^^^^
routers\rooms.py:116: in join_room
    ).first()
      ^^^^^^^
..\..\..\AppData\Local\Programs\Python\Python313\Lib\site-packages\sqlalchemy\orm\query.py:2759: in first
    return self.limit(1)._iter().first()  # type: ignore
           ^^^^^^^^^^^^^^^^^^^^^
..\..\..\AppData\Local\Programs\Python\Python313\Lib\site-packages\sqlalchemy\orm\query.py:2857: in _iter
    result: Union[ScalarResult[_T], Result[_T]] = self.session.execute(
..\..\..\AppData\Local\Programs\Python\Python313\Lib\site-packages\sqlalchemy\orm\session.py:2351: in execute
    return self._execute_internal(
..\..\..\AppData\Local\Programs\Python\Python313\Lib\site-packages\sqlalchemy\orm\session.py:2249: in _execute_internal
    result: Result[Any] = compile_state_cls.orm_execute_statement(
..\..\..\AppData\Local\Programs\Python\Python313\Lib\site-packages\sqlalchemy\orm\context.py:306: in orm_execute_statement
    result = conn.execute(
..\..\..\AppData\Local\Programs\Python\Python313\Lib\site-packages\sqlalchemy\engine\base.py:1419: in execute
    return meth(
..\..\..\AppData\Local\Programs\Python\Python313\Lib\site-packages\sqlalchemy\sql\elements.py:526: in _execute_on_connection
    return connection._execute_clauseelement(
..\..\..\AppData\Local\Programs\Python\Python313\Lib\site-packages\sqlalchemy\engine\base.py:1641: in _execute_clauseelement
    ret = self._execute_context(
..\..\..\AppData\Local\Programs\Python\Python313\Lib\site-packages\sqlalchemy\engine\base.py:1821: in _execute_context
    self._handle_dbapi_exception(
..\..\..\AppData\Local\Programs\Python\Python313\Lib\site-packages\sqlalchemy\engine\base.py:2355: in _handle_dbapi_exception
    raise sqlalchemy_exception.with_traceback(exc_info[2]) from e
..\..\..\AppData\Local\Programs\Python\Python313\Lib\site-packages\sqlalchemy\engine\base.py:1815: in _execute_context
    context = constructor(
..\..\..\AppData\Local\Programs\Python\Python313\Lib\site-packages\sqlalchemy\engine\default.py:1493: in _init_compiled
    flattened_processors[key](compiled_params[key])
_ _ _ _ _ _ _ _ _ _ _ _ _ _ _ _ _ _ _ _ _ _ _ _ _ _ _ _ _ _ _ _ _ _ _ _ _ _ _ _

value = '511021e7-1c4c-4f7c-b881-ed1088232884'

    def process(value):
        if value is not None:
&gt;           value = value.hex
                    ^^^^^^^^^
E           sqlalchemy.exc.StatementError: (builtins.AttributeError) 'str' object has no attribute 'hex'
E           [SQL: SELECT room_members.room_id AS room_members_room_id, room_members.user_id AS room_members_user_id, room_members.status AS room_members_status, room_members.permissions AS room_members_permissions 
E           FROM room_members 
E           WHERE room_members.room_id = ? AND room_members.user_id = ? AND room_members.status = ?
E            LIMIT ? OFFSET ?]
E           [parameters: [{}]]

..\..\..\AppData\Local\Programs\Python\Python313\Lib\site-packages\sqlalchemy\sql\sqltypes.py:3734: StatementError</failure></testcase></testsuite></testsuites>