<?xml version="1.0" encoding="utf-8"?><testsuites name="pytest tests"><testsuite name="pytest" errors="0" failures="4" skipped="0" tests="9" time="4.220" timestamp="2026-01-08T01:31:05.114234+02:00" hostname="boka"><testcase classname="tests.test_assets" name="test_list_assets_empty" time="0.939" /><testcase classname="tests.test_assets" name="test_upload_asset" time="0.432"><failure message="AttributeError: &lt;module 'routers.assets' from 'C:\\Users\\taher\\Desktop\\graduation v1\\backend\\routers\\assets.py'&gt; does not have the attribute 'process_asset_task'">args = ()
keywargs = {'auth_header': {'Authorization': 'Bearer eyJhbGciOiJIUzI1NiIsInR5cCI6IkpXVCJ9.eyJzdWIiOiJ0ZXN0dXNlciIsInJvbGUiOiJTVFV...-0Z3HcWDyk1vnTdCBsEqzeMGxoZmJMksiMtGisXsFc'}, 'client': &lt;starlette.testclient.TestClient object at 0x000001F144677D90&gt;}

    @wraps(func)
    def patched(*args, **keywargs):
&gt;       with self.decoration_helper(patched,
                                    args,
                                    keywargs) as (newargs, newkeywargs):

..\..\..\AppData\Local\Programs\Python\Python313\Lib\unittest\mock.py:1423: 
_ _ _ _ _ _ _ _ _ _ _ _ _ _ _ _ _ _ _ _ _ _ _ _ _ _ _ _ _ _ _ _ _ _ _ _ _ _ _ _
..\..\..\AppData\Local\Programs\Python\Python313\Lib\contextlib.py:141: in __enter__
    return next(self.gen)
           ^^^^^^^^^^^^^^
..\..\..\AppData\Local\Programs\Python\Python313\Lib\unittest\mock.py:1405: in decoration_helper
    arg = exit_stack.enter_context(patching)
          ^^^^^^^^^^^^^^^^^^^^^^^^^^^^^^^^^^
..\..\..\AppData\Local\Programs\Python\Python313\Lib\contextlib.py:530: in enter_context
    result = _enter(cm)
             ^^^^^^^^^^
..\..\..\AppData\Local\Programs\Python\Python313\Lib\unittest\mock.py:1497: in __enter__
    original, local = self.get_original()
                      ^^^^^^^^^^^^^^^^^^^
_ _ _ _ _ _ _ _ _ _ _ _ _ _ _ _ _ _ _ _ _ _ _ _ _ _ _ _ _ _ _ _ _ _ _ _ _ _ _ _

self = &lt;unittest.mock._patch object at 0x000001F1445DB250&gt;

    def get_original(self):
        target = self.getter()
        name = self.attribute
    
        original = DEFAULT
        local = False
    
        try:
            original = target.__dict__[name]
        except (AttributeError, KeyError):
            original = getattr(target, name, DEFAULT)
        else:
            local = True
    
        if name in _builtins and isinstance(target, ModuleType):
            self.create = True
    
        if not self.create and original is DEFAULT:
&gt;           raise AttributeError(
                "%s does not have the attribute %r" % (target, name)
            )
E           AttributeError: &lt;module 'routers.assets' from 'C:\\Users\\taher\\Desktop\\graduation v1\\backend\\routers\\assets.py'&gt; does not have the attribute 'process_asset_task'

..\..\..\AppData\Local\Programs\Python\Python313\Lib\unittest\mock.py:1467: AttributeError</failure></testcase><testcase classname="tests.test_auth" name="test_register_user" time="0.228" /><testcase classname="tests.test_auth" name="test_register_duplicate_user" time="0.227" /><testcase classname="tests.test_auth" name="test_login_success" time="0.443" /><testcase classname="tests.test_auth" name="test_login_invalid_credentials" time="0.011" /><testcase classname="tests.test_rooms" name="test_create_room" time="0.448"><failure message="assert 403 == 200&#10; +  where 403 = &lt;Response [403 Forbidden]&gt;.status_code">client = &lt;starlette.testclient.TestClient object at 0x000001F1447C9D00&gt;
auth_header = {'Authorization': 'Bearer eyJhbGciOiJIUzI1NiIsInR5cCI6IkpXVCJ9.eyJzdWIiOiJ0ZXN0dXNlciIsInJvbGUiOiJTVFVERU5UIiwiZXhwIjoxNzY3ODQ2NjY4fQ.TiKonGvl9uGKLHp5ifjSA2viK40_v-AnycvQlgFHmxk'}

    def test_create_room(client, auth_header):
        response = client.post(
            "/rooms/",
            json={"name": "Test Room", "description": "A room for testing"},
            headers=auth_header
        )
&gt;       assert response.status_code == 200
E       assert 403 == 200
E        +  where 403 = &lt;Response [403 Forbidden]&gt;.status_code

tests\test_rooms.py:7: AssertionError</failure></testcase><testcase classname="tests.test_rooms" name="test_list_rooms" time="0.460"><failure message="assert 0 &gt;= 2&#10; +  where 0 = len([])">client = &lt;starlette.testclient.TestClient object at 0x000001F1447CBDF0&gt;
auth_header = {'Authorization': 'Bearer eyJhbGciOiJIUzI1NiIsInR5cCI6IkpXVCJ9.eyJzdWIiOiJ0ZXN0dXNlciIsInJvbGUiOiJTVFVERU5UIiwiZXhwIjoxNzY3ODQ2NjY4fQ.TiKonGvl9uGKLHp5ifjSA2viK40_v-AnycvQlgFHmxk'}

    def test_list_rooms(client, auth_header):
        # Create two rooms
        client.post("/rooms/", json={"name": "Room A"}, headers=auth_header)
        client.post("/rooms/", json={"name": "Room B"}, headers=auth_header)
    
        response = client.get("/rooms/", headers=auth_header)
        assert response.status_code == 200
        data = response.json()
&gt;       assert len(data) &gt;= 2
E       assert 0 &gt;= 2
E        +  where 0 = len([])

tests\test_rooms.py:20: AssertionError</failure></testcase><testcase classname="tests.test_rooms" name="test_join_room" time="0.450"><failure message="KeyError: 'id'">client = &lt;starlette.testclient.TestClient object at 0x000001F14470FF00&gt;
auth_header = {'Authorization': 'Bearer eyJhbGciOiJIUzI1NiIsInR5cCI6IkpXVCJ9.eyJzdWIiOiJ0ZXN0dXNlciIsInJvbGUiOiJTVFVERU5UIiwiZXhwIjoxNzY3ODQ2NjY5fQ.Iytgvw7sPikqjQ5HQGnpTCeuhzpTY0-_AL_wqP_xrEY'}

    def test_join_room(client, auth_header):
        # Create a room
        create_resp = client.post("/rooms/", json={"name": "Joinable Room"}, headers=auth_header)
&gt;       room_id = create_resp.json()["id"]
                  ^^^^^^^^^^^^^^^^^^^^^^^^
E       KeyError: 'id'

tests\test_rooms.py:25: KeyError</failure></testcase></testsuite></testsuites>