<?xml version="1.0" encoding="utf-8"?><testsuites name="pytest tests"><testsuite name="pytest" errors="0" failures="0" skipped="0" tests="9" time="4.491" timestamp="2026-01-08T02:00:33.682507+02:00" hostname="boka"><testcase classname="tests.test_assets" name="test_list_assets_empty" time="0.900" /><testcase classname="tests.test_assets" name="test_upload_asset" time="0.444" /><testcase classname="tests.test_auth" name="test_register_user" time="0.218" /><testcase classname="tests.test_auth" name="test_register_duplicate_user" time="0.219" /><testcase classname="tests.test_auth" name="test_login_success" time="0.422" /><testcase classname="tests.test_auth" name="test_login_invalid_credentials" time="0.009" /><testcase classname="tests.test_rooms" name="test_create_room" time="0.425" /><testcase classname="tests.test_rooms" name="test_list_rooms" time="0.844" /><testcase classname="tests.test_rooms" name="test_join_room" time="0.843" /></testsuite></testsuites>